{"logTime": "1206/143714", "correlationVector":"unf3yyvx6SLANpwahVforj.1","action":"SyncServerConnectionManagerRequest", "result":"SYNC_SERVER_OK", "context":{"environment":"Prod_SoutheastAsia_000j", "migrationStage":"NotStarted", "server":"GENERAL01000017"}}
{"logTime": "1206/143714", "correlationVector":"ECfkGxEURXIuqswANznwmh","action":"SyncServerConnectionManagerRequest", "result":"SYNC_SERVER_OK", "context":{"environment":"", "migrationStage":"", "server":""}}
{"logTime": "1206/143714", "correlationVector":"unf3yyvx6SLANpwahVforj","action":"Initial GetUpdates", "result":"", "context":Reason: NEW_CLIENT. cV=unf3yyvx6SLANpwahVforj}
{"logTime": "1206/143714", "correlationVector":"unf3yyvx6SLANpwahVforj.2","action":"GetUpdates Response", "result":"Success", "context":Received 1 update(s). cV=unf3yyvx6SLANpwahVforj.0;server=GENERAL01000017;cloudType=Consumer;environment=Prod_SoutheastAsia_000j;migrationStage=NotStarted}
{"logTime": "1206/143714", "correlationVector":"IkujSDe0wOmICU76qw3h2Y","action":"Initial GetUpdates", "result":"", "context":Reason: NEWLY_SUPPORTED_DATATYPE. cV=IkujSDe0wOmICU76qw3h2Y}
{"logTime": "1206/143715", "correlationVector":"IkujSDe0wOmICU76qw3h2Y.1","action":"SyncServerConnectionManagerRequest", "result":"SYNC_SERVER_OK", "context":{"environment":"Prod_SoutheastAsia_000j", "migrationStage":"NotStarted", "server":"GENERAL0100000C"}}
{"logTime": "1206/143715", "correlationVector":"IkujSDe0wOmICU76qw3h2Y.2","action":"GetUpdates Response", "result":"Success", "context":Received 26 update(s). cV=IkujSDe0wOmICU76qw3h2Y.0;server=GENERAL0100000C;cloudType=Consumer;environment=Prod_SoutheastAsia_000j;migrationStage=NotStarted}
{"logTime": "1206/143715", "correlationVector":"lA/FbVIne/VPZxQTW5+fUB","action":"Initial GetUpdates", "result":"", "context":Reason: NEWLY_SUPPORTED_DATATYPE. cV=lA/FbVIne/VPZxQTW5+fUB}
{"logTime": "1206/143715", "correlationVector":"lA/FbVIne/VPZxQTW5+fUB.1","action":"SyncServerConnectionManagerRequest", "result":"SYNC_SERVER_OK", "context":{"environment":"Prod_SoutheastAsia_000j", "migrationStage":"NotStarted", "server":"GENERAL0300002Q"}}
{"logTime": "1206/143715", "correlationVector":"lA/FbVIne/VPZxQTW5+fUB.2","action":"GetUpdates Response", "result":"Success", "context":Received 5 update(s). cV=lA/FbVIne/VPZxQTW5+fUB.0;server=GENERAL0300002Q;cloudType=Consumer;environment=Prod_SoutheastAsia_000j;migrationStage=NotStarted}
{"logTime": "1206/143715", "correlationVector":"Eo17bRp2/sjApQg8LA+WAu","action":"Initial GetUpdates", "result":"", "context":Reason: NEWLY_SUPPORTED_DATATYPE. cV=Eo17bRp2/sjApQg8LA+WAu}
{"logTime": "1206/143716", "correlationVector":"Eo17bRp2/sjApQg8LA+WAu.1","action":"SyncServerConnectionManagerRequest", "result":"SYNC_SERVER_OK", "context":{"environment":"Prod_SoutheastAsia_000j", "migrationStage":"NotStarted", "server":"GENERAL03000006"}}
{"logTime": "1206/143716", "correlationVector":"Eo17bRp2/sjApQg8LA+WAu.2","action":"GetUpdates", "result":"DeleteReceived", "context":{"id":"4443b79a-abae-433f-8841-6b0a24d59df9", "isDeleted:":"true", "version":"1730969905929"}}
{"logTime": "1206/143716", "correlationVector":"Eo17bRp2/sjApQg8LA+WAu.3","action":"GetUpdates", "result":"DeleteReceived", "context":{"id":"6ecb46ad-f0c6-4e01-b3d7-53fe4980fc8d", "isDeleted:":"true", "version":"1732020653057"}}
{"logTime": "1206/143716", "correlationVector":"Eo17bRp2/sjApQg8LA+WAu.4","action":"GetUpdates Response", "result":"Success", "context":Received 3 update(s). cV=Eo17bRp2/sjApQg8LA+WAu.0;server=GENERAL03000006;cloudType=Consumer;environment=Prod_SoutheastAsia_000j;migrationStage=NotStarted}
{"logTime": "1206/143716", "correlationVector":"CcjOucPT6hEEYbpAKt5H2b","action":"Normal GetUpdate request", "result":"", "context":cV=CcjOucPT6hEEYbpAKt5H2b
Nudged types: Sessions, Device Info, User Consents
Refresh requested types: Bookmarks, Preferences, Passwords, Autofill Profiles, Autofill, Typed URLs, Extensions, Sessions, Extension settings, History Delete Directives, Device Info, User Consents, Send Tab To Self, Web Apps, Collection, Edge E Drop, Edge Hub App Usage, Edge Tab Group, Edge Wallet, Encryption Keys}
{"logTime": "1206/143717", "correlationVector":"CcjOucPT6hEEYbpAKt5H2b.1","action":"SyncServerConnectionManagerRequest", "result":"SYNC_SERVER_OK", "context":{"environment":"Prod_SoutheastAsia_000j", "migrationStage":"NotStarted", "server":"GENERAL0300000T"}}
{"logTime": "1206/143717", "correlationVector":"CcjOucPT6hEEYbpAKt5H2b.2","action":"GetUpdates Response", "result":"Success", "context":Received 0 update(s). cV=CcjOucPT6hEEYbpAKt5H2b.0;server=GENERAL0300000T;cloudType=Consumer;environment=Prod_SoutheastAsia_000j;migrationStage=NotStarted}
{"logTime": "1206/143717", "correlationVector":"uIrT4p3ObIi6MkQIU69X/1","action":"DoCompareDataConsistency requsted types: ", "result":"Bookmarks, Preferences, Passwords, Typed URLs, Extensions, Extension settings, History Delete Directives, Send Tab To Self, Web Apps, Collection, Edge E Drop, Edge Tab Group, Edge Wallet, Encryption Keys"}
{"logTime": "1206/143717", "correlationVector":"uIrT4p3ObIi6MkQIU69X/1.0","action":"CompareDataConsistency result: ", "result":"Compare result: Encryption Keys is consistent. local entities count is: 1 local entities hash is: Xlvat4WqPAK54SMG3HXp/E2rV5M="}
{"logTime": "1206/143717", "correlationVector":"uIrT4p3ObIi6MkQIU69X/1.1","action":"CompareDataConsistency result: ", "result":"Compare result: Bookmarks is consistent. local entities count is: 3 local entities hash is: f3bsksrdoleSgbzeGJOj5YqnH/o="}
{"logTime": "1206/143717", "correlationVector":"uIrT4p3ObIi6MkQIU69X/1.2","action":"CompareDataConsistency result: ", "result":"Compare result: Preferences is consistent. local entities count is: 25 local entities hash is: 7iKTXWVLBGHx+T+hhVNz2QTApLo="}
{"logTime": "1206/143717", "correlationVector":"uIrT4p3ObIi6MkQIU69X/1.3","action":"CompareDataConsistency result: ", "result":"Server did not send this Typed URLs local entities count is: 0 local entities hash is: "}
{"logTime": "1206/143717", "correlationVector":"uIrT4p3ObIi6MkQIU69X/1.4","action":"CompareDataConsistency result: ", "result":"Compare result: Extensions is consistent. local entities count is: 0 local entities hash is: "}
{"logTime": "1206/143717", "correlationVector":"uIrT4p3ObIi6MkQIU69X/1.5","action":"CompareDataConsistency result: ", "result":"Compare result: Extension settings is consistent. local entities count is: 0 local entities hash is: "}
{"logTime": "1206/143717", "correlationVector":"uIrT4p3ObIi6MkQIU69X/1.6","action":"CompareDataConsistency result: ", "result":"Compare result: History Delete Directives is consistent. local entities count is: 0 local entities hash is: "}
{"logTime": "1206/143717", "correlationVector":"uIrT4p3ObIi6MkQIU69X/1.7","action":"CompareDataConsistency result: ", "result":"Server did not send this Send Tab To Self local entities count is: 0 local entities hash is: "}
{"logTime": "1206/143717", "correlationVector":"uIrT4p3ObIi6MkQIU69X/1.8","action":"CompareDataConsistency result: ", "result":"Compare result: Web Apps is consistent. local entities count is: 0 local entities hash is: "}
{"logTime": "1206/143717", "correlationVector":"uIrT4p3ObIi6MkQIU69X/1.9","action":"CompareDataConsistency result: ", "result":"Compare result: Collection is consistent. local entities count is: 0 local entities hash is: "}
{"logTime": "1206/143717", "correlationVector":"uIrT4p3ObIi6MkQIU69X/1.10","action":"CompareDataConsistency result: ", "result":"Compare result: Edge E Drop is consistent. local entities count is: 0 local entities hash is: "}
{"logTime": "1206/143717", "correlationVector":"uIrT4p3ObIi6MkQIU69X/1.11","action":"CompareDataConsistency result: ", "result":"Compare result: Edge Tab Group is consistent. local entities count is: 0 local entities hash is: "}
{"logTime": "1206/143717", "correlationVector":"uIrT4p3ObIi6MkQIU69X/1.12","action":"CompareDataConsistency result: ", "result":"Compare result: Edge Wallet is consistent. local entities count is: 0 local entities hash is: "}
{"logTime": "1206/143717", "correlationVector":"uIrT4p3ObIi6MkQIU69X/1.13","action":"CompareDataConsistency result: ", "result":"Compare result: Passwords is consistent. local entities count is: 0 local entities hash is: "}
{"logTime": "1206/143717", "correlationVector":"pQ6id8WJLvUCg5aFWaTuqw","action":"Commit Request", "result":"", "context":Item count: 5
Contributing types: Sessions, Device Info, User Consents}
{"logTime": "1206/143718", "correlationVector":"pQ6id8WJLvUCg5aFWaTuqw.1","action":"SyncServerConnectionManagerRequest", "result":"SYNC_SERVER_OK", "context":{"environment":"Prod_SoutheastAsia_000j", "migrationStage":"NotStarted", "server":"GENERAL0100000I"}}
{"logTime": "1206/143718", "correlationVector":"pQ6id8WJLvUCg5aFWaTuqw.2","action":"Commit Response", "result":"Success", "context":Result: Success. cV=pQ6id8WJLvUCg5aFWaTuqw.0;server=GENERAL0100000I;cloudType=Consumer;environment=Prod_SoutheastAsia_000j;migrationStage=NotStarted}
{"logTime": "1206/143718", "correlationVector":"","action":"DIAGNOSTIC_REQUEST|v1/diagnosticData/Diagnostic.SendCheckResult()|SUCCESS", "result":""}
{"logTime": "1206/143750", "correlationVector":"qsFsydV3wgGD/vPbnf0LYu","action":"Commit Request", "result":"", "context":Item count: 1
Contributing types: Sessions}
{"logTime": "1206/143750", "correlationVector":"qsFsydV3wgGD/vPbnf0LYu.1","action":"SyncServerConnectionManagerRequest", "result":"SYNC_SERVER_OK", "context":{"environment":"Prod_SoutheastAsia_000j", "migrationStage":"NotStarted", "server":"GENERAL0100000I"}}
{"logTime": "1206/143750", "correlationVector":"qsFsydV3wgGD/vPbnf0LYu.2","action":"Commit Response", "result":"Success", "context":Result: Success. cV=qsFsydV3wgGD/vPbnf0LYu.0;server=GENERAL0100000I;cloudType=Consumer;environment=Prod_SoutheastAsia_000j;migrationStage=NotStarted}
